Testing file sanity... [Checking if atleast one kernel record is present]
Kernel  found. Searching for more kernels
make: 'parse' is up to date.
------------------------------------------------------------------------------------------------
          PC         TYPE       TARGET  INSTANCES        TAKEN       OCCUPANCY    DYN_COUNT
------------------------------------------------------------------------------------------------
         2e8    intrinsic          4e8    1536000     0.000000        0.000000        48000
         390    intrinsic          3f0    3072000     0.813520        0.813520        96000
         3a8    intrinsic          3f0     572868     0.979053        0.735754        23822
         3e0    intrinsic          3f0      12000     0.000000        0.000000        12000
         420    intrinsic          480    3072000     0.810736        0.810736        96000
         438    intrinsic          480     581418     0.979361        0.737252        24136
         470    intrinsic          480      12000     0.000000        0.000000        12000
         490    extrinsic          4b8    3072000     0.996094        0.996094        96000
         4e0    intrinsic          338    3072000     0.500000        0.500000        96000
         570    intrinsic          588    1536000     0.996094        0.996094        48000
         5c8    intrinsic          5d8    1536000     0.003906        0.003906        48000
          80    intrinsic          1a8    2560000     0.000000        0.000000        80000
          f8    intrinsic          158    5120000     0.814260        0.814260       160000
         110    intrinsic          158     950991     0.978968        0.734813        39593
         148    intrinsic          158      20000     0.000000        0.000000        20000
         160    extrinsic          178    5120000     0.996094        0.996094       160000
         1a0    intrinsic           c0    5120000     0.500000        0.500000       160000
         1e8    intrinsic          1f8    2560000     0.003906        0.003906        80000
------------------------------------------------------------------------------------------------
          PC         TYPE       TARGET  INSTANCES        TAKEN       OCCUPANCY    DYN_COUNT
------------------------------------------------------------------------------------------------
           0    intrinsic         1234   31333277     0.538150        0.504947      1043551
           0    extrinsic         abcd    8192000     0.996094        0.996094       256000

Thread-Slot-Stats:
Active: 4185972, Extrinsic: 33480, Intrinsic: 230436

Static branch stats
extrinsic: 1, intrinsic: 10

