Testing file sanity... [Checking if atleast one kernel record is present]
Kernel  found. Searching for more kernels
g++ -c -o main.o main.cc
g++ -c -o data_parser.o data_parser.cc
g++ main.o data_parser.o cf_utils.cc -o parse 
------------------------------------------------------------------------------------------------
          PC         TYPE       TARGET  INSTANCES        TAKEN       OCCUPANCY    DYN_COUNT
------------------------------------------------------------------------------------------------
          60    extrinsic           f8       4352     0.058824        0.029412          272
          f0    extrinsic           50       4096     1.000000        0.500000          256
         118    intrinsic          4a8       4096     0.062500        0.031250          256
         138    intrinsic          348       3840     0.500000        0.250000          240
         158    intrinsic          248      10880     0.176471        0.031250         1920
         368    intrinsic          490       3840     0.500000        0.250000          240
         390    intrinsic          490      12800     0.150000        0.027778         2160
         488    intrinsic          378      10880     1.000000        0.177083         1920
         4a0    intrinsic          108       3840     1.000000        0.500000          240
         240    intrinsic          148       8960     1.000000        0.166667         1680
         4d0    extrinsic          568       4096     0.062500        0.031250          256
         560    extrinsic          4c0       3840     1.000000        0.500000          240
         5a0    extrinsic          720       3840     0.500000        0.500000          120
         758    extrinsic          7e0      17280     0.110243        0.055556         1080
         7d8    extrinsic          748      15360     1.000000        0.500000          960
         818    extrinsic          8a0      32640     0.058824        0.029412         2040
         898    extrinsic          808      30720     1.000000        0.500000         1920
         5d0    extrinsic          658      17280     0.110243        0.055556         1080
         650    extrinsic          5c0      15360     1.000000        0.500000          960
         678    extrinsic          718      32640     0.058824        0.029412         2040
         710    extrinsic          668      30720     1.000000        0.500000         1920
         718    extrinsic          8a0       1920     1.000000        0.500000          120
         8c0    extrinsic          a08       3840     0.500000        0.500000          120
         a30    intrinsic          c40      32640     0.058824        0.029412         2040
         a50    intrinsic          b38     261120     0.117590        0.058824        16320
         c38    intrinsic          a20      30720     1.000000        0.500000         1920
         b30    intrinsic          a40     230400     1.000000        0.500000        14400
         8e8    intrinsic          a00      30720     0.062500        0.031250         1920
         908    intrinsic          9f0     259200     0.111053        0.055556        16200
         9e8    intrinsic          8f8     230400     1.000000        0.500000        14400
         9f8    intrinsic          8d8      28800     1.000000        0.500000         1800
         a00    extrinsic          c40       1920     1.000000        0.500000          120
         c60    extrinsic          d40       3840     0.500000        0.500000          120
         d88    extrinsic          e10      32640     0.058824        0.029412         2040
         e08    extrinsic          d78      30720     1.000000        0.500000         1920
         c98    extrinsic          d38      30720     0.062500        0.031250         1920
         d30    extrinsic          c88      28800     1.000000        0.500000         1800
         d38    extrinsic          e10       1920     1.000000        0.500000          120
         fb8    intrinsic         1070    5396480     0.058824        0.058824       168640
        1068    intrinsic          fa8    5079040     1.000000        1.000000       158720
------------------------------------------------------------------------------------------------
          PC         TYPE       TARGET  INSTANCES        TAKEN       OCCUPANCY    DYN_COUNT
------------------------------------------------------------------------------------------------
           0    intrinsic         1234   11638656     0.516533        0.463854       405016
           0    extrinsic         abcd     348544     0.525437        0.267177        21424

Thread-Slot-Stats:
Active: 118362624, Extrinsic: 21437568, Intrinsic: 1356160

Static branch stats
extrinsic: 22, intrinsic: 18

