Testing file sanity... [Checking if atleast one kernel record is present]
Kernel  found. Searching for more kernels
g++ -c -o main.o main.cc
g++ -c -o data_parser.o data_parser.cc
g++ main.o data_parser.o cf_utils.cc -o parse 
------------------------------------------------------------------------------------------------
          PC         TYPE       TARGET  INSTANCES        TAKEN       OCCUPANCY    DYN_COUNT
------------------------------------------------------------------------------------------------
          68    extrinsic           b0      21760     0.058824        0.058824          680
          a8    extrinsic           58      20480     1.000000        1.000000          640
         110    intrinsic          2d0      16640     0.076863        0.076923          520
         1c0    extrinsic          2b8     138240     0.111104        0.111111         4320
         210    extrinsic          2a8    2088960     0.058824        0.058824        65280
         2a0    extrinsic          200    1966080     1.000000        1.000000        61440
         2b0    extrinsic          1b0     122880     1.000000        1.000000         3840
         2c8    intrinsic          100      15360     1.000000        1.000000          480
         300    extrinsic          3a8      21760     0.058824        0.058824          680
         3a0    extrinsic          2f0      20480     1.000000        1.000000          640
------------------------------------------------------------------------------------------------
          PC         TYPE       TARGET  INSTANCES        TAKEN       OCCUPANCY    DYN_COUNT
------------------------------------------------------------------------------------------------
           0    intrinsic         1234      32000     0.519969        0.520000         1000
           0    extrinsic         abcd    4400640     0.515997        0.515998       137520

Thread-Slot-Stats:
Active: 44302080, Extrinsic: 0, Intrinsic: 0

Static branch stats
extrinsic: 8, intrinsic: 2

