4096
0 0
1 14
2 21
3 13
4 22
5 18
6 20
7 15
8 23
9 19
10 13
11 15
12 18
13 11
14 18
15 19
16 15
17 15
18 14
19 18
20 15
21 22
22 18
23 18
24 17
25 17
26 16
27 22
28 17
29 23
30 17
31 23
32 21
33 14
34 16
35 17
36 17
37 18
38 17
39 19
40 16
41 17
42 20
43 18
44 17
45 17
46 20
47 18
48 19
49 18
50 14
51 21
52 13
53 20
54 20
55 17
56 14
57 15
58 18
59 18
60 13
61 20
62 14
63 18
64 13
65 13
66 14
67 14
68 14
69 14
70 12
71 20
72 15
73 17
74 17
75 13
76 15
77 15
78 19
79 14
80 14
81 21
82 12
83 13
84 20
85 16
86 17
87 19
88 15
89 18
90 20
91 19
92 22
93 16
94 15
95 18
96 16
97 14
98 17
99 12
100 11
101 14
102 19
103 14
104 21
105 20
106 17
107 20
108 18
109 16
110 18
111 13
112 16
113 23
114 15
115 16
116 19
117 16
118 15
119 18
120 15
121 18
122 16
123 12
124 16
125 23
126 18
127 16
128 18
129 19
130 25
131 17
132 14
133 15
134 12
135 18
136 16
137 13
138 19
139 19
140 16
141 16
142 22
143 18
144 17
145 20
146 16
147 17
148 14
149 18
150 15
151 17
152 19
153 20
154 10
155 20
156 18
157 18
158 14
159 17
160 17
161 12
162 13
163 15
164 21
165 14
166 17
167 17
168 16
169 12
170 17
171 15
172 20
173 20
174 16
175 18
176 23
177 22
178 19
179 16
180 18
181 17
182 18
183 12
184 15
185 18
186 15
187 21
188 14
189 12
190 21
191 8
192 16
193 15
194 18
195 17
196 1
197 23
198 16
199 16
200 18
201 19
202 17
203 23
204 15
205 16
206 18
207 26
208 18
209 15
210 10
211 18
212 11
213 12
214 17
215 15
216 15
217 18
218 19
219 19
220 12
221 6
222 17
223 11
224 11
225 13
226 13
227 16
228 17
229 19
230 13
231 19
232 21
233 8
234 17
235 17
236 12
237 20
238 18
239 15
240 16
241 16
242 18
243 21
244 5
245 15
246 22
247 20
248 19
249 16
250 17
251 16
252 18
253 12
254 16
255 10
256 22
257 15
258 20
259 15
260 17
261 18
262 16
263 16
264 18
265 19
266 18
267 15
268 12
269 18
270 20
271 12
272 21
273 12
274 18
275 22
276 12
277 22
278 19
279 19
280 25
281 15
282 21
283 19
284 13
285 17
286 19
287 20
288 14
289 11
290 17
291 14
292 20
293 12
294 14
295 19
296 21
297 12
298 19
299 21
300 18
301 16
302 17
303 15
304 20
305 16
306 14
307 21
308 19
309 15
310 20
311 18
312 22
313 9
314 20
315 19
316 20
317 17
318 20
319 21
320 11
321 21
322 18
323 15
324 16
325 20
326 22
327 6
328 15
329 15
330 12
331 17
332 21
333 14
334 16
335 22
336 10
337 17
338 16
339 16
340 14
341 19
342 19
343 15
344 17
345 16
346 10
347 20
348 15
349 18
350 16
351 17
352 16
353 16
354 14
355 20
356 15
357 16
358 18
359 19
360 19
361 18
362 12
363 16
364 16
365 19
366 20
367 17
368 13
369 18
370 20
371 17
372 23
373 15
374 22
375 19
376 17
377 10
378 19
379 14
380 13
381 16
382 8
383 15
384 21
385 18
386 16
387 31
388 8
389 19
390 23
391 20
392 20
393 21
394 9
395 18
396 16
397 16
398 20
399 21
400 15
401 16
402 14
403 17
404 19
405 17
406 17
407 14
408 16
409 18
410 22
411 13
412 15
413 15
414 13
415 12
416 21
417 14
418 20
419 15
420 15
421 13
422 18
423 8
424 12
425 14
426 11
427 20
428 17
429 16
430 18
431 17
432 13
433 13
434 17
435 17
436 21
437 14
438 11
439 17
440 17
441 11
442 17
443 14
444 13
445 13
446 11
447 25
448 20
449 14
450 19
451 23
452 22
453 22
454 16
455 18
456 19
457 16
458 20
459 16
460 15
461 20
462 26
463 17
464 20
465 12
466 12
467 16
468 15
469 16
470 15
471 12
472 12
473 15
474 19
475 13
476 21
477 18
478 14
479 17
480 18
481 12
482 21
483 20
484 12
485 19
486 9
487 21
488 24
489 16
490 15
491 18
492 16
493 15
494 20
495 15
496 10
497 19
498 20
499 16
500 18
501 23
502 15
503 8
504 14
505 19
506 17
507 17
508 19
509 16
510 12
511 17
512 19
513 15
514 16
515 17
516 18
517 18
518 18
519 13
520 18
521 16
522 12
523 11
524 19
525 13
526 17
527 21
528 15
529 18
530 18
531 17
532 15
533 18
534 15
535 19
536 22
537 11
538 19
539 17
540 15
541 15
542 20
543 10
544 16
545 24
546 18
547 19
548 20
549 16
550 22
551 16
552 20
553 14
554 13
555 18
556 13
557 17
558 18
559 16
560 19
561 18
562 15
563 19
564 16
565 18
566 18
567 13
568 20
569 16
570 13
571 18
572 22
573 15
574 13
575 18
576 17
577 23
578 13
579 18
580 10
581 20
582 16
583 23
584 16
585 8
586 21
587 22
588 13
589 12
590 18
591 13
592 22
593 15
594 17
595 20
596 19
597 15
598 14
599 19
600 20
601 19
602 18
603 8
604 19
605 13
606 21
607 19
608 16
609 17
610 16
611 14
612 15
613 16
614 14
615 18
616 24
617 12
618 17
619 8
620 17
621 17
622 19
623 8
624 17
625 16
626 15
627 15
628 24
629 13
630 20
631 15
632 14
633 18
634 21
635 15
636 19
637 17
638 23
639 17
640 17
641 21
642 16
643 15
644 25
645 14
646 16
647 17
648 17
649 15
650 14
651 11
652 18
653 14
654 17
655 17
656 19
657 18
658 16
659 12
660 15
661 18
662 15
663 18
664 14
665 19
666 16
667 15
668 17
669 16
670 12
671 13
672 14
673 24
674 19
675 12
676 20
677 18
678 13
679 14
680 20
681 17
682 24
683 18
684 14
685 16
686 17
687 15
688 19
689 24
690 14
691 14
692 16
693 11
694 17
695 17
696 14
697 20
698 18
699 15
700 17
701 19
702 16
703 15
704 18
705 20
706 21
707 17
708 25
709 12
710 19
711 19
712 18
713 22
714 12
715 22
716 10
717 18
718 15
719 21
720 17
721 14
722 10
723 16
724 19
725 19
726 17
727 14
728 12
729 12
730 18
731 13
732 15
733 18
734 16
735 25
736 16
737 15
738 13
739 15
740 15
741 19
742 18
743 22
744 15
745 21
746 20
747 13
748 17
749 11
750 15
751 11
752 14
753 19
754 15
755 23
756 12
757 24
758 12
759 7
760 16
761 17
762 15
763 19
764 20
765 16
766 23
767 17
768 12
769 16
770 22
771 18
772 19
773 10
774 19
775 22
776 16
777 17
778 17
779 15
780 18
781 20
782 12
783 13
784 18
785 17
786 15
787 21
788 24
789 21
790 11
791 18
792 17
793 18
794 16
795 19
796 16
797 16
798 24
799 19
800 24
801 19
802 6
803 15
804 14
805 12
806 15
807 16
808 24
809 13
810 17
811 16
812 18
813 18
814 20
815 20
816 17
817 16
818 17
819 19
820 17
821 18
822 17
823 17
824 17
825 15
826 15
827 11
828 24
829 25
830 17
831 16
832 15
833 15
834 17
835 20
836 21
837 22
838 19
839 17
840 14
841 13
842 13
843 18
844 17
845 22
846 20
847 16
848 21
849 11
850 17
851 20
852 19
853 21
854 19
855 10
856 19
857 15
858 18
859 16
860 18
861 22
862 17
863 16
864 19
865 13
866 15
867 19
868 16
869 13
870 17
871 11
872 13
873 14
874 17
875 19
876 16
877 19
878 15
879 18
880 14
881 17
882 17
883 10
884 21
885 21
886 22
887 17
888 25
889 25
890 19
891 17
892 15
893 16
894 9
895 16
896 16
897 15
898 25
899 15
900 7
901 14
902 15
903 18
904 20
905 17
906 15
907 14
908 14
909 16
910 17
911 18
912 15
913 21
914 17
915 16
916 21
917 21
918 19
919 13
920 17
921 13
922 19
923 18
924 20
925 18
926 20
927 18
928 19
929 16
930 17
931 18
932 18
933 11
934 18
935 20
936 16
937 16
938 15
939 15
940 18
941 20
942 21
943 13
944 20
945 20
946 5
947 15
948 20
949 23
950 17
951 13
952 17
953 16
954 11
955 15
956 16
957 15
958 12
959 18
960 18
961 17
962 19
963 18
964 18
965 18
966 13
967 11
968 16
969 13
970 18
971 19
972 16
973 19
974 20
975 16
976 18
977 17
978 15
979 17
980 13
981 21
982 13
983 16
984 21
985 17
986 22
987 18
988 15
989 19
990 18
991 14
992 11
993 19
994 17
995 10
996 17
997 18
998 21
999 21
1000 17
1001 19
1002 20
1003 17
1004 22
1005 10
1006 16
1007 12
1008 24
1009 18
1010 19
1011 19
1012 20
1013 17
1014 20
1015 15
1016 16
1017 18
1018 18
1019 25
1020 22
1021 18
1022 10
1023 16
1024 24
1025 11
1026 18
1027 11
1028 17
1029 16
1030 4
1031 18
1032 22
1033 15
1034 20
1035 17
1036 18
1037 17
1038 14
1039 17
1040 22
1041 15
1042 16
1043 21
1044 21
1045 15
1046 14
1047 19
1048 17
1049 20
1050 15
1051 10
1052 19
1053 23
1054 15
1055 14
1056 24
1057 8
1058 8
1059 11
1060 18
1061 21
1062 18
1063 16
1064 14
1065 17
1066 17
1067 22
1068 19
1069 8
1070 21
1071 17
1072 16
1073 19
1074 24
1075 18
1076 19
1077 18
1078 15
1079 18
1080 13
1081 18
1082 17
1083 19
1084 15
1085 15
1086 26
1087 22
1088 16
1089 19
1090 21
1091 16
1092 19
1093 12
1094 15
1095 16
1096 15
1097 17
1098 16
1099 11
1100 16
1101 13
1102 21
1103 11
1104 16
1105 20
1106 16
1107 9
1108 14
1109 19
1110 17
1111 19
1112 20
1113 15
1114 19
1115 18
1116 17
1117 17
1118 16
1119 18
1120 16
1121 18
1122 20
1123 17
1124 23
1125 13
1126 12
1127 19
1128 18
1129 15
1130 19
1131 16
1132 13
1133 20
1134 13
1135 15
1136 18
1137 16
1138 14
1139 14
1140 20
1141 19
1142 15
1143 12
1144 15
1145 16
1146 17
1147 22
1148 16
1149 21
1150 17
1151 13
1152 18
1153 19
1154 21
1155 18
1156 16
1157 12
1158 15
1159 17
1160 17
1161 16
1162 21
1163 16
1164 18
1165 17
1166 18
1167 20
1168 22
1169 14
1170 18
1171 18
1172 8
1173 20
1174 19
1175 14
1176 13
1177 21
1178 19
1179 21
1180 19
1181 20
1182 22
1183 23
1184 21
1185 15
1186 18
1187 5
1188 17
1189 11
1190 17
1191 14
1192 17
1193 18
1194 18
1195 21
1196 17
1197 21
1198 17
1199 21
1200 13
1201 13
1202 18
1203 12
1204 15
1205 18
1206 23
1207 11
1208 15
1209 14
1210 18
1211 18
1212 14
1213 15
1214 20
1215 14
1216 4
1217 23
1218 19
1219 15
1220 13
1221 18
1222 17
1223 20
1224 21
1225 20
1226 18
1227 15
1228 23
1229 16
1230 19
1231 20
1232 19
1233 19
1234 25
1235 17
1236 13
1237 14
1238 10
1239 21
1240 15
1241 14
1242 14
1243 10
1244 22
1245 21
1246 9
1247 17
1248 17
1249 18
1250 15
1251 15
1252 12
1253 21
1254 15
1255 12
1256 20
1257 15
1258 15
1259 17
1260 19
1261 16
1262 17
1263 20
1264 16
1265 13
1266 23
1267 19
1268 17
1269 21
1270 14
1271 17
1272 16
1273 22
1274 17
1275 18
1276 19
1277 18
1278 17
1279 16
1280 17
1281 22
1282 14
1283 20
1284 12
1285 17
1286 17
1287 11
1288 16
1289 23
1290 27
1291 15
1292 24
1293 10
1294 19
1295 16
1296 17
1297 23
1298 10
1299 20
1300 15
1301 25
1302 13
1303 11
1304 16
1305 18
1306 21
1307 12
1308 20
1309 16
1310 19
1311 17
1312 20
1313 10
1314 19
1315 13
1316 6
1317 18
1318 16
1319 15
1320 15
1321 15
1322 21
1323 17
1324 22
1325 19
1326 17
1327 14
1328 14
1329 16
1330 21
1331 7
1332 13
1333 21
1334 12
1335 13
1336 16
1337 17
1338 13
1339 17
1340 19
1341 20
1342 19
1343 19
1344 19
1345 17
1346 10
1347 17
1348 20
1349 13
1350 20
1351 15
1352 12
1353 17
1354 18
1355 19
1356 21
1357 20
1358 21
1359 19
1360 16
1361 15
1362 13
1363 18
1364 14
1365 21
1366 7
1367 16
1368 16
1369 16
1370 11
1371 15
1372 16
1373 20
1374 16
1375 16
1376 11
1377 16
1378 16
1379 20
1380 19
1381 11
1382 20
1383 11
1384 14
1385 20
1386 17
1387 13
1388 18
1389 22
1390 21
1391 16
1392 15
1393 21
1394 16
1395 16
1396 18
1397 20
1398 18
1399 21
1400 17
1401 22
1402 15
1403 15
1404 9
1405 8
1406 11
1407 21
1408 18
1409 16
1410 18
1411 10
1412 14
1413 18
1414 19
1415 20
1416 19
1417 20
1418 15
1419 21
1420 22
1421 18
1422 17
1423 20
1424 14
1425 14
1426 11
1427 18
1428 17
1429 15
1430 15
1431 14
1432 15
1433 10
1434 16
1435 19
1436 18
1437 16
1438 18
1439 14
1440 21
1441 16
1442 21
1443 17
1444 17
1445 22
1446 18
1447 13
1448 19
1449 18
1450 10
1451 14
1452 19
1453 21
1454 21
1455 19
1456 16
1457 18
1458 17
1459 20
1460 14
1461 18
1462 14
1463 20
1464 22
1465 17
1466 14
1467 19
1468 16
1469 15
1470 11
1471 20
1472 9
1473 18
1474 20
1475 16
1476 16
1477 12
1478 20
1479 18
1480 19
1481 24
1482 17
1483 17
1484 17
1485 16
1486 19
1487 15
1488 18
1489 21
1490 16
1491 14
1492 21
1493 18
1494 16
1495 15
1496 17
1497 15
1498 10
1499 13
1500 17
1501 21
1502 13
1503 17
1504 12
1505 20
1506 19
1507 18
1508 22
1509 17
1510 13
1511 22
1512 18
1513 13
1514 20
1515 13
1516 21
1517 16
1518 20
1519 18
1520 15
1521 13
1522 15
1523 16
1524 21
1525 15
1526 14
1527 17
1528 7
1529 22
1530 17
1531 17
1532 16
1533 19
1534 17
1535 18
1536 21
1537 22
1538 17
1539 16
1540 19
1541 18
1542 9
1543 19
1544 11
1545 19
1546 21
1547 18
1548 14
1549 20
1550 14
1551 19
1552 19
1553 19
1554 19
1555 16
1556 25
1557 12
1558 25
1559 15
1560 15
1561 19
1562 10
1563 16
1564 21
1565 21
1566 13
1567 15
1568 14
1569 19
1570 15
1571 20
1572 23
1573 18
1574 20
1575 13
1576 16
1577 10
1578 17
1579 14
1580 17
1581 19
1582 13
1583 14
1584 14
1585 19
1586 20
1587 25
1588 21
1589 16
1590 17
1591 19
1592 15
1593 23
1594 17
1595 21
1596 19
1597 20
1598 14
1599 15
1600 19
1601 15
1602 19
1603 18
1604 15
1605 16
1606 19
1607 16
1608 14
1609 18
1610 20
1611 16
1612 17
1613 16
1614 17
1615 14
1616 19
1617 19
1618 24
1619 14
1620 21
1621 17
1622 7
1623 13
1624 15
1625 12
1626 15
1627 19
1628 22
1629 20
1630 18
1631 14
1632 17
1633 9
1634 15
1635 13
1636 19
1637 24
1638 13
1639 18
1640 16
1641 17
1642 16
1643 20
1644 19
1645 16
1646 18
1647 12
1648 26
1649 16
1650 25
1651 21
1652 12
1653 20
1654 17
1655 15
1656 18
1657 20
1658 19
1659 18
1660 18
1661 16
1662 14
1663 18
1664 21
1665 16
1666 19
1667 14
1668 12
1669 15
1670 10
1671 14
1672 17
1673 24
1674 18
1675 15
1676 9
1677 18
1678 21
1679 14
1680 18
1681 2
1682 17
1683 18
1684 18
1685 10
1686 10
1687 11
1688 14
1689 13
1690 15
1691 17
1692 12
1693 12
1694 17
1695 10
1696 25
1697 12
1698 14
1699 8
1700 15
1701 21
1702 18
1703 12
1704 21
1705 18
1706 17
1707 15
1708 19
1709 20
1710 15
1711 12
1712 18
1713 16
1714 9
1715 17
1716 21
1717 17
1718 17
1719 19
1720 16
1721 15
1722 15
1723 16
1724 19
1725 13
1726 13
1727 24
1728 15
1729 18
1730 18
1731 16
1732 16
1733 21
1734 18
1735 21
1736 14
1737 13
1738 15
1739 14
1740 13
1741 21
1742 16
1743 14
1744 17
1745 16
1746 16
1747 13
1748 16
1749 19
1750 17
1751 11
1752 20
1753 11
1754 24
1755 20
1756 15
1757 18
1758 17
1759 17
1760 18
1761 15
1762 17
1763 14
1764 17
1765 19
1766 18
1767 14
1768 22
1769 17
1770 16
1771 24
1772 19
1773 15
1774 16
1775 19
1776 14
1777 16
1778 19
1779 17
1780 23
1781 16
1782 18
1783 13
1784 15
1785 25
1786 16
1787 21
1788 22
1789 10
1790 19
1791 14
1792 24
1793 21
1794 16
1795 5
1796 13
1797 18
1798 13
1799 14
1800 19
1801 17
1802 14
1803 23
1804 18
1805 17
1806 18
1807 10
1808 18
1809 23
1810 17
1811 9
1812 14
1813 14
1814 13
1815 20
1816 9
1817 18
1818 8
1819 17
1820 16
1821 16
1822 13
1823 18
1824 15
1825 19
1826 21
1827 13
1828 16
1829 12
1830 21
1831 20
1832 15
1833 15
1834 17
1835 14
1836 19
1837 17
1838 16
1839 19
1840 20
1841 11
1842 18
1843 20
1844 21
1845 22
1846 16
1847 15
1848 13
1849 13
1850 18
1851 11
1852 18
1853 16
1854 19
1855 22
1856 15
1857 21
1858 20
1859 18
1860 16
1861 17
1862 17
1863 16
1864 23
1865 17
1866 18
1867 20
1868 13
1869 19
1870 15
1871 12
1872 18
1873 18
1874 16
1875 15
1876 15
1877 12
1878 20
1879 13
1880 20
1881 17
1882 14
1883 14
1884 16
1885 17
1886 22
1887 18
1888 22
1889 11
1890 11
1891 12
1892 18
1893 19
1894 18
1895 16
1896 18
1897 16
1898 18
1899 20
1900 17
1901 17
1902 18
1903 14
1904 15
1905 16
1906 19
1907 15
1908 25
1909 18
1910 16
1911 19
1912 14
1913 10
1914 18
1915 19
1916 20
1917 25
1918 15
1919 14
1920 9
1921 19
1922 15
1923 21
1924 16
1925 11
1926 17
1927 17
1928 16
1929 13
1930 18
1931 22
1932 16
1933 15
1934 18
1935 20
1936 15
1937 15
1938 16
1939 20
1940 12
1941 15
1942 14
1943 16
1944 17
1945 12
1946 11
1947 16
1948 14
1949 16
1950 10
1951 12
1952 23
1953 20
1954 21
1955 18
1956 13
1957 16
1958 18
1959 20
1960 20
1961 17
1962 13
1963 21
1964 8
1965 17
1966 3
1967 14
1968 15
1969 17
1970 15
1971 17
1972 15
1973 14
1974 8
1975 21
1976 18
1977 20
1978 18
1979 17
1980 16
1981 19
1982 13
1983 19
1984 21
1985 17
1986 12
1987 18
1988 20
1989 18
1990 20
1991 17
1992 11
1993 11
1994 14
1995 15
1996 19
1997 21
1998 18
1999 19
2000 19
2001 17
2002 18
2003 18
2004 16
2005 20
2006 20
2007 16
2008 17
2009 20
2010 11
2011 12
2012 19
2013 18
2014 19
2015 14
2016 16
2017 19
2018 15
2019 15
2020 16
2021 18
2022 20
2023 17
2024 20
2025 14
2026 20
2027 17
2028 20
2029 17
2030 20
2031 16
2032 16
2033 14
2034 9
2035 17
2036 18
2037 17
2038 15
2039 22
2040 20
2041 19
2042 22
2043 22
2044 17
2045 15
2046 18
2047 12
2048 19
2049 18
2050 17
2051 17
2052 15
2053 12
2054 15
2055 22
2056 16
2057 18
2058 12
2059 19
2060 16
2061 11
2062 16
2063 20
2064 15
2065 19
2066 21
2067 11
2068 20
2069 7
2070 16
2071 13
2072 11
2073 16
2074 19
2075 13
2076 18
2077 19
2078 4
2079 19
2080 18
2081 13
2082 14
2083 19
2084 20
2085 19
2086 11
2087 15
2088 17
2089 15
2090 13
2091 20
2092 13
2093 14
2094 17
2095 16
2096 17
2097 16
2098 10
2099 14
2100 14
2101 17
2102 19
2103 19
2104 3
2105 15
2106 7
2107 17
2108 14
2109 20
2110 20
2111 15
2112 20
2113 12
2114 18
2115 7
2116 18
2117 16
2118 16
2119 15
2120 19
2121 14
2122 22
2123 19
2124 20
2125 11
2126 18
2127 18
2128 14
2129 14
2130 17
2131 16
2132 16
2133 17
2134 13
2135 11
2136 18
2137 18
2138 17
2139 17
2140 21
2141 16
2142 15
2143 19
2144 24
2145 15
2146 10
2147 15
2148 13
2149 20
2150 17
2151 15
2152 17
2153 15
2154 18
2155 14
2156 16
2157 16
2158 16
2159 14
2160 13
2161 17
2162 14
2163 20
2164 18
2165 19
2166 21
2167 15
2168 17
2169 16
2170 15
2171 18
2172 19
2173 15
2174 25
2175 17
2176 15
2177 15
2178 11
2179 15
2180 26
2181 15
2182 19
2183 20
2184 18
2185 16
2186 21
2187 20
2188 19
2189 16
2190 19
2191 11
2192 16
2193 18
2194 20
2195 19
2196 19
2197 18
2198 18
2199 12
2200 17
2201 15
2202 17
2203 19
2204 13
2205 20
2206 10
2207 14
2208 17
2209 15
2210 11
2211 18
2212 16
2213 24
2214 16
2215 17
2216 13
2217 16
2218 20
2219 17
2220 21
2221 13
2222 16
2223 14
2224 10
2225 22
2226 16
2227 15
2228 21
2229 14
2230 12
2231 16
2232 22
2233 12
2234 18
2235 13
2236 9
2237 15
2238 17
2239 19
2240 11
2241 15
2242 17
2243 18
2244 18
2245 14
2246 17
2247 16
2248 20
2249 20
2250 17
2251 19
2252 7
2253 19
2254 22
2255 19
2256 16
2257 18
2258 12
2259 15
2260 12
2261 14
2262 14
2263 16
2264 16
2265 18
2266 11
2267 8
2268 16
2269 21
2270 27
2271 12
2272 20
2273 16
2274 21
2275 23
2276 15
2277 13
2278 13
2279 21
2280 16
2281 17
2282 25
2283 24
2284 18
2285 12
2286 18
2287 23
2288 11
2289 12
2290 23
2291 20
2292 13
2293 17
2294 14
2295 17
2296 16
2297 14
2298 16
2299 9
2300 19
2301 17
2302 18
2303 18
2304 15
2305 16
2306 10
2307 19
2308 16
2309 19
2310 14
2311 20
2312 22
2313 17
2314 19
2315 15
2316 19
2317 18
2318 16
2319 10
2320 16
2321 22
2322 11
2323 17
2324 17
2325 16
2326 20
2327 19
2328 15
2329 17
2330 7
2331 18
2332 16
2333 19
2334 17
2335 18
2336 18
2337 16
2338 17
2339 27
2340 19
2341 14
2342 15
2343 16
2344 17
2345 10
2346 22
2347 17
2348 19
2349 20
2350 12
2351 16
2352 24
2353 14
2354 17
2355 17
2356 7
2357 17
2358 11
2359 22
2360 19
2361 15
2362 13
2363 13
2364 16
2365 19
2366 18
2367 25
2368 15
2369 24
2370 15
2371 7
2372 23
2373 13
2374 17
2375 20
2376 14
2377 15
2378 21
2379 17
2380 14
2381 15
2382 15
2383 19
2384 16
2385 23
2386 17
2387 26
2388 19
2389 21
2390 19
2391 16
2392 28
2393 11
2394 19
2395 20
2396 11
2397 14
2398 14
2399 15
2400 19
2401 20
2402 20
2403 18
2404 9
2405 19
2406 17
2407 16
2408 19
2409 19
2410 17
2411 23
2412 18
2413 18
2414 21
2415 14
2416 6
2417 21
2418 16
2419 16
2420 14
2421 17
2422 17
2423 19
2424 1
2425 19
2426 15
2427 21
2428 8
2429 13
2430 14
2431 14
2432 14
2433 11
2434 15
2435 17
2436 15
2437 20
2438 12
2439 16
2440 13
2441 18
2442 19
2443 18
2444 21
2445 20
2446 14
2447 16
2448 22
2449 11
2450 13
2451 4
2452 12
2453 17
2454 9
2455 18
2456 21
2457 14
2458 22
2459 14
2460 15
2461 14
2462 21
2463 23
2464 16
2465 18
2466 16
2467 18
2468 19
2469 17
2470 20
2471 16
2472 22
2473 20
2474 16
2475 17
2476 13
2477 16
2478 16
2479 14
2480 16
2481 18
2482 20
2483 21
2484 18
2485 15
2486 15
2487 22
2488 17
2489 19
2490 17
2491 18
2492 19
2493 8
2494 17
2495 16
2496 17
2497 12
2498 14
2499 14
2500 17
2501 17
2502 13
2503 19
2504 21
2505 18
2506 19
2507 17
2508 18
2509 14
2510 15
2511 21
2512 13
2513 18
2514 15
2515 15
2516 17
2517 15
2518 14
2519 18
2520 18
2521 16
2522 16
2523 15
2524 12
2525 17
2526 12
2527 18
2528 12
2529 14
2530 15
2531 19
2532 10
2533 19
2534 16
2535 16
2536 17
2537 16
2538 23
2539 2
2540 17
2541 17
2542 16
2543 21
2544 15
2545 16
2546 14
2547 11
2548 20
2549 9
2550 20
2551 17
2552 17
2553 17
2554 16
2555 16
2556 22
2557 17
2558 18
2559 22
2560 20
2561 19
2562 12
2563 17
2564 25
2565 15
2566 20
2567 22
2568 16
2569 19
2570 16
2571 13
2572 17
2573 15
2574 17
2575 11
2576 18
2577 26
2578 16
2579 19
2580 9
2581 17
2582 20
2583 20
2584 17
2585 18
2586 20
2587 20
2588 15
2589 17
2590 13
2591 14
2592 13
2593 16
2594 17
2595 21
2596 18
2597 14
2598 19
2599 17
2600 15
2601 21
2602 17
2603 17
2604 14
2605 19
2606 17
2607 19
2608 18
2609 22
2610 19
2611 19
2612 18
2613 22
2614 19
2615 19
2616 25
2617 16
2618 22
2619 21
2620 23
2621 14
2622 12
2623 15
2624 20
2625 12
2626 18
2627 17
2628 17
2629 20
2630 17
2631 18
2632 18
2633 18
2634 23
2635 12
2636 21
2637 13
2638 22
2639 20
2640 20
2641 16
2642 16
2643 23
2644 15
2645 15
2646 13
2647 16
2648 14
2649 19
2650 19
2651 24
2652 18
2653 16
2654 16
2655 17
2656 6
2657 19
2658 21
2659 13
2660 14
2661 15
2662 17
2663 17
2664 16
2665 14
2666 33
2667 21
2668 20
2669 26
2670 12
2671 18
2672 21
2673 18
2674 19
2675 21
2676 17
2677 14
2678 22
2679 15
2680 9
2681 20
2682 16
2683 17
2684 18
2685 18
2686 14
2687 14
2688 18
2689 15
2690 14
2691 19
2692 17
2693 11
2694 11
2695 19
2696 17
2697 12
2698 10
2699 19
2700 17
2701 16
2702 17
2703 13
2704 9
2705 21
2706 14
2707 23
2708 19
2709 21
2710 17
2711 12
2712 13
2713 16
2714 20
2715 7
2716 18
2717 13
2718 18
2719 12
2720 8
2721 17
2722 20
2723 18
2724 12
2725 15
2726 15
2727 16
2728 16
2729 15
2730 22
2731 13
2732 15
2733 10
2734 14
2735 23
2736 18
2737 5
2738 15
2739 15
2740 17
2741 22
2742 23
2743 16
2744 18
2745 11
2746 17
2747 17
2748 17
2749 17
2750 17
2751 15
2752 19
2753 14
2754 15
2755 16
2756 17
2757 22
2758 12
2759 15
2760 15
2761 16
2762 15
2763 17
2764 15
2765 14
2766 16
2767 14
2768 18
2769 6
2770 21
2771 12
2772 17
2773 18
2774 14
2775 19
2776 19
2777 16
2778 12
2779 17
2780 23
2781 17
2782 21
2783 19
2784 21
2785 25
2786 10
2787 19
2788 17
2789 15
2790 17
2791 20
2792 12
2793 20
2794 11
2795 17
2796 13
2797 18
2798 21
2799 14
2800 20
2801 14
2802 18
2803 18
2804 22
2805 19
2806 15
2807 14
2808 16
2809 19
2810 25
2811 17
2812 18
2813 15
2814 17
2815 15
2816 18
2817 14
2818 15
2819 19
2820 16
2821 18
2822 9
2823 16
2824 17
2825 19
2826 20
2827 16
2828 15
2829 11
2830 16
2831 17
2832 14
2833 17
2834 18
2835 16
2836 12
2837 17
2838 19
2839 18
2840 16
2841 20
2842 15
2843 12
2844 17
2845 18
2846 21
2847 17
2848 18
2849 17
2850 18
2851 11
2852 10
2853 13
2854 14
2855 19
2856 21
2857 18
2858 17
2859 16
2860 18
2861 18
2862 16
2863 18
2864 15
2865 22
2866 11
2867 13
2868 13
2869 22
2870 18
2871 12
2872 12
2873 15
2874 17
2875 17
2876 20
2877 16
2878 16
2879 20
2880 20
2881 17
2882 21
2883 14
2884 19
2885 18
2886 18
2887 20
2888 11
2889 23
2890 15
2891 16
2892 19
2893 20
2894 17
2895 22
2896 20
2897 16
2898 17
2899 13
2900 15
2901 14
2902 16
2903 17
2904 17
2905 19
2906 17
2907 19
2908 15
2909 12
2910 16
2911 19
2912 12
2913 13
2914 13
2915 18
2916 20
2917 18
2918 11
2919 14
2920 17
2921 18
2922 19
2923 17
2924 16
2925 15
2926 20
2927 14
2928 20
2929 17
2930 18
2931 16
2932 17
2933 18
2934 14
2935 18
2936 22
2937 17
2938 16
2939 13
2940 23
2941 14
2942 18
2943 23
2944 16
2945 15
2946 19
2947 18
2948 18
2949 15
2950 17
2951 19
2952 15
2953 20
2954 9
2955 22
2956 17
2957 14
2958 14
2959 17
2960 17
2961 13
2962 20
2963 15
2964 19
2965 16
2966 19
2967 17
2968 13
2969 21
2970 12
2971 17
2972 14
2973 13
2974 18
2975 14
2976 13
2977 20
2978 15
2979 21
2980 12
2981 24
2982 18
2983 17
2984 11
2985 17
2986 15
2987 19
2988 20
2989 12
2990 17
2991 23
2992 13
2993 18
2994 18
2995 17
2996 15
2997 17
2998 14
2999 10
3000 14
3001 15
3002 20
3003 19
3004 19
3005 15
3006 8
3007 11
3008 16
3009 12
3010 10
3011 20
3012 17
3013 20
3014 14
3015 15
3016 15
3017 19
3018 17
3019 16
3020 20
3021 16
3022 20
3023 21
3024 14
3025 16
3026 16
3027 9
3028 20
3029 14
3030 21
3031 16
3032 14
3033 15
3034 15
3035 19
3036 18
3037 14
3038 17
3039 18
3040 16
3041 14
3042 17
3043 13
3044 17
3045 19
3046 19
3047 20
3048 19
3049 17
3050 19
3051 20
3052 23
3053 20
3054 19
3055 22
3056 13
3057 21
3058 21
3059 15
3060 14
3061 19
3062 13
3063 19
3064 13
3065 18
3066 17
3067 21
3068 11
3069 17
3070 24
3071 12
3072 20
3073 16
3074 16
3075 22
3076 15
3077 11
3078 16
3079 15
3080 16
3081 15
3082 16
3083 18
3084 21
3085 17
3086 17
3087 16
3088 19
3089 19
3090 19
3091 7
3092 17
3093 17
3094 19
3095 17
3096 17
3097 16
3098 16
3099 9
3100 17
3101 16
3102 13
3103 13
3104 17
3105 22
3106 16
3107 13
3108 17
3109 17
3110 16
3111 16
3112 15
3113 17
3114 16
3115 17
3116 15
3117 20
3118 17
3119 12
3120 19
3121 11
3122 17
3123 17
3124 11
3125 17
3126 14
3127 12
3128 12
3129 19
3130 18
3131 17
3132 13
3133 18
3134 24
3135 15
3136 18
3137 16
3138 16
3139 19
3140 13
3141 17
3142 15
3143 15
3144 13
3145 14
3146 18
3147 21
3148 12
3149 16
3150 18
3151 16
3152 20
3153 19
3154 20
3155 17
3156 15
3157 13
3158 22
3159 10
3160 16
3161 13
3162 17
3163 18
3164 15
3165 16
3166 15
3167 14
3168 14
3169 17
3170 16
3171 12
3172 16
3173 11
3174 18
3175 15
3176 16
3177 26
3178 14
3179 17
3180 16
3181 15
3182 16
3183 17
3184 16
3185 12
3186 20
3187 16
3188 22
3189 18
3190 21
3191 19
3192 17
3193 17
3194 16
3195 13
3196 20
3197 19
3198 20
3199 21
3200 20
3201 16
3202 16
3203 17
3204 23
3205 26
3206 19
3207 17
3208 18
3209 20
3210 19
3211 14
3212 19
3213 21
3214 16
3215 19
3216 16
3217 11
3218 16
3219 15
3220 22
3221 14
3222 18
3223 14
3224 13
3225 19
3226 13
3227 15
3228 20
3229 16
3230 17
3231 18
3232 16
3233 24
3234 17
3235 17
3236 23
3237 14
3238 20
3239 21
3240 19
3241 7
3242 14
3243 17
3244 15
3245 17
3246 17
3247 20
3248 19
3249 13
3250 17
3251 19
3252 21
3253 16
3254 13
3255 17
3256 21
3257 21
3258 17
3259 25
3260 17
3261 18
3262 19
3263 22
3264 15
3265 16
3266 16
3267 20
3268 16
3269 19
3270 19
3271 18
3272 16
3273 24
3274 16
3275 25
3276 12
3277 4
3278 16
3279 18
3280 8
3281 17
3282 18
3283 20
3284 23
3285 20
3286 18
3287 21
3288 17
3289 17
3290 18
3291 17
3292 13
3293 17
3294 16
3295 15
3296 11
3297 23
3298 17
3299 19
3300 23
3301 13
3302 20
3303 20
3304 15
3305 13
3306 14
3307 13
3308 13
3309 6
3310 11
3311 17
3312 15
3313 23
3314 17
3315 16
3316 10
3317 16
3318 14
3319 18
3320 17
3321 4
3322 18
3323 19
3324 18
3325 24
3326 13
3327 17
3328 20
3329 21
3330 19
3331 21
3332 15
3333 16
3334 16
3335 21
3336 19
3337 19
3338 16
3339 12
3340 12
3341 16
3342 11
3343 15
3344 10
3345 16
3346 19
3347 24
3348 18
3349 16
3350 2
3351 13
3352 14
3353 16
3354 21
3355 24
3356 13
3357 11
3358 15
3359 5
3360 18
3361 11
3362 17
3363 20
3364 16
3365 16
3366 14
3367 15
3368 9
3369 16
3370 16
3371 15
3372 18
3373 16
3374 22
3375 12
3376 16
3377 15
3378 20
3379 10
3380 14
3381 15
3382 16
3383 17
3384 23
3385 16
3386 22
3387 25
3388 17
3389 17
3390 18
3391 14
3392 18
3393 15
3394 19
3395 5
3396 14
3397 20
3398 19
3399 16
3400 13
3401 19
3402 21
3403 17
3404 16
3405 24
3406 21
3407 14
3408 17
3409 23
3410 17
3411 14
3412 14
3413 14
3414 22
3415 18
3416 18
3417 16
3418 18
3419 8
3420 21
3421 16
3422 19
3423 15
3424 21
3425 15
3426 17
3427 20
3428 14
3429 18
3430 19
3431 17
3432 17
3433 16
3434 15
3435 22
3436 19
3437 15
3438 22
3439 16
3440 14
3441 17
3442 14
3443 17
3444 17
3445 12
3446 11
3447 18
3448 15
3449 19
3450 15
3451 21
3452 17
3453 16
3454 21
3455 14
3456 21
3457 20
3458 17
3459 17
3460 18
3461 20
3462 19
3463 17
3464 17
3465 19
3466 19
3467 17
3468 14
3469 20
3470 19
3471 14
3472 13
3473 18
3474 15
3475 18
3476 19
3477 12
3478 21
3479 21
3480 18
3481 22
3482 6
3483 20
3484 18
3485 18
3486 13
3487 17
3488 20
3489 18
3490 16
3491 22
3492 24
3493 13
3494 15
3495 12
3496 15
3497 15
3498 17
3499 15
3500 17
3501 17
3502 16
3503 19
3504 20
3505 18
3506 19
3507 15
3508 16
3509 20
3510 19
3511 21
3512 15
3513 15
3514 21
3515 15
3516 13
3517 12
3518 14
3519 13
3520 21
3521 18
3522 16
3523 20
3524 18
3525 19
3526 17
3527 17
3528 23
3529 21
3530 20
3531 20
3532 16
3533 16
3534 19
3535 14
3536 21
3537 20
3538 19
3539 20
3540 18
3541 17
3542 22
3543 17
3544 16
3545 15
3546 9
3547 17
3548 19
3549 17
3550 13
3551 17
3552 11
3553 17
3554 12
3555 15
3556 17
3557 19
3558 12
3559 19
3560 18
3561 17
3562 17
3563 23
3564 16
3565 17
3566 13
3567 16
3568 15
3569 15
3570 21
3571 19
3572 13
3573 16
3574 19
3575 18
3576 20
3577 16
3578 16
3579 19
3580 19
3581 19
3582 16
3583 13
3584 17
3585 13
3586 18
3587 14
3588 21
3589 17
3590 15
3591 13
3592 17
3593 23
3594 17
3595 16
3596 20
3597 16
3598 12
3599 13
3600 15
3601 12
3602 20
3603 12
3604 16
3605 23
3606 15
3607 21
3608 14
3609 18
3610 15
3611 18
3612 17
3613 18
3614 10
3615 23
3616 16
3617 14
3618 15
3619 15
3620 19
3621 11
3622 19
3623 21
3624 21
3625 18
3626 17
3627 13
3628 15
3629 18
3630 20
3631 21
3632 9
3633 16
3634 18
3635 17
3636 22
3637 16
3638 14
3639 23
3640 15
3641 23
3642 21
3643 18
3644 15
3645 22
3646 17
3647 19
3648 14
3649 18
3650 20
3651 22
3652 17
3653 16
3654 23
3655 20
3656 20
3657 15
3658 17
3659 17
3660 17
3661 19
3662 15
3663 18
3664 11
3665 17
3666 10
3667 17
3668 17
3669 16
3670 19
3671 21
3672 16
3673 14
3674 11
3675 12
3676 19
3677 21
3678 15
3679 14
3680 21
3681 20
3682 13
3683 13
3684 13
3685 20
3686 22
3687 14
3688 7
3689 19
3690 18
3691 20
3692 22
3693 15
3694 20
3695 16
3696 15
3697 22
3698 11
3699 19
3700 9
3701 11
3702 13
3703 16
3704 24
3705 17
3706 18
3707 22
3708 7
3709 20
3710 8
3711 16
3712 15
3713 13
3714 16
3715 20
3716 9
3717 16
3718 19
3719 19
3720 20
3721 18
3722 16
3723 23
3724 16
3725 19
3726 17
3727 17
3728 15
3729 21
3730 16
3731 22
3732 15
3733 18
3734 10
3735 16
3736 19
3737 14
3738 17
3739 15
3740 19
3741 19
3742 13
3743 26
3744 15
3745 14
3746 17
3747 14
3748 16
3749 19
3750 14
3751 13
3752 19
3753 16
3754 16
3755 15
3756 12
3757 20
3758 16
3759 19
3760 17
3761 15
3762 9
3763 9
3764 13
3765 16
3766 17
3767 12
3768 21
3769 17
3770 19
3771 17
3772 14
3773 20
3774 17
3775 12
3776 24
3777 14
3778 16
3779 18
3780 20
3781 14
3782 18
3783 15
3784 15
3785 14
3786 15
3787 13
3788 21
3789 13
3790 13
3791 17
3792 23
3793 20
3794 21
3795 21
3796 13
3797 13
3798 16
3799 20
3800 18
3801 12
3802 20
3803 14
3804 22
3805 16
3806 17
3807 19
3808 17
3809 16
3810 7
3811 16
3812 15
3813 16
3814 21
3815 17
3816 20
3817 18
3818 16
3819 16
3820 11
3821 21
3822 17
3823 20
3824 18
3825 12
3826 14
3827 20
3828 19
3829 11
3830 16
3831 21
3832 18
3833 17
3834 15
3835 13
3836 16
3837 19
3838 14
3839 20
3840 17
3841 21
3842 10
3843 20
3844 24
3845 16
3846 10
3847 14
3848 14
3849 20
3850 14
3851 17
3852 17
3853 14
3854 23
3855 16
3856 17
3857 16
3858 17
3859 20
3860 18
3861 14
3862 15
3863 20
3864 10
3865 20
3866 17
3867 11
3868 17
3869 5
3870 18
3871 22
3872 22
3873 19
3874 17
3875 12
3876 14
3877 19
3878 15
3879 14
3880 19
3881 15
3882 10
3883 20
3884 14
3885 15
3886 13
3887 18
3888 20
3889 12
3890 20
3891 18
3892 12
3893 16
3894 16
3895 16
3896 16
3897 21
3898 12
3899 15
3900 20
3901 14
3902 12
3903 25
3904 12
3905 23
3906 16
3907 11
3908 13
3909 11
3910 19
3911 2
3912 16
3913 14
3914 23
3915 10
3916 17
3917 17
3918 18
3919 26
3920 17
3921 22
3922 14
3923 14
3924 14
3925 12
3926 16
3927 16
3928 15
3929 17
3930 20
3931 11
3932 15
3933 17
3934 17
3935 13
3936 16
3937 16
3938 18
3939 17
3940 14
3941 15
3942 17
3943 17
3944 12
3945 15
3946 15
3947 15
3948 25
3949 20
3950 18
3951 15
3952 16
3953 20
3954 16
3955 15
3956 18
3957 11
3958 9
3959 21
3960 16
3961 18
3962 20
3963 13
3964 11
3965 18
3966 19
3967 27
3968 15
3969 16
3970 12
3971 16
3972 19
3973 17
3974 17
3975 17
3976 14
3977 19
3978 16
3979 15
3980 17
3981 15
3982 16
3983 21
3984 15
3985 20
3986 18
3987 17
3988 17
3989 18
3990 17
3991 17
3992 16
3993 19
3994 21
3995 17
3996 19
3997 16
3998 19
3999 15
4000 20
4001 21
4002 15
4003 11
4004 16
4005 19
4006 19
4007 15
4008 20
4009 17
4010 20
4011 16
4012 27
4013 15
4014 13
4015 18
4016 28
4017 17
4018 13
4019 18
4020 13
4021 16
4022 20
4023 18
4024 16
4025 17
4026 17
4027 13
4028 16
4029 15
4030 14
4031 17
4032 19
4033 8
4034 12
4035 17
4036 23
4037 18
4038 18
4039 19
4040 12
4041 15
4042 18
4043 14
4044 21
4045 13
4046 14
4047 16
4048 13
4049 19
4050 13
4051 18
4052 18
4053 18
4054 14
4055 13
4056 21
4057 13
4058 14
4059 17
4060 12
4061 18
4062 20
4063 19
4064 17
4065 26
4066 17
4067 17
4068 18
4069 15
4070 9
4071 19
4072 16
4073 24
4074 12
4075 18
4076 14
4077 19
4078 17
4079 16
4080 14
4081 20
4082 9
4083 12
4084 15
4085 20
4086 15
4087 15
4088 19
4089 13
4090 17
4091 5
4092 21
4093 18
4094 17
4095 14
